#
# A fatal error has been detected by the Java Runtime Environment:
#
#  Internal Error (javaCalls.cpp:51), pid=17024, tid=0x0000000000002f03
#  guarantee(thread->is_Java_thread()) failed: crucial check - the VM thread cannot and must not escape to Java code
#
# JRE version: Java(TM) SE Runtime Environment (8.0_311-b11) (build 1.8.0_311-b11)
# Java VM: Java HotSpot(TM) 64-Bit Server VM (25.311-b11 mixed mode bsd-amd64 compressed oops)
# Failed to write core dump. Core dumps have been disabled. To enable core dumping, try "ulimit -c unlimited" before starting Java again
#
# If you would like to submit a bug report, please visit:
#   http://bugreport.java.com/bugreport/crash.jsp
#

---------------  T H R E A D  ---------------

Current thread (0x00007fbc39821800):  VMThread [stack: 0x0000700007d01000,0x0000700007e01000] [id=12035]

Stack: [0x0000700007d01000,0x0000700007e01000],  sp=0x0000700007dff9f0,  free space=1018k
Native frames: (J=compiled Java code, j=interpreted, Vv=VM code, C=native code)
V  [libjvm.dylib+0x59b253]  VMError::report_and_die()+0x421
V  [libjvm.dylib+0x1d392b]  report_vm_error(char const*, int, char const*, char const*)+0x55
V  [libjvm.dylib+0x2d4d03]  JavaCallWrapper::JavaCallWrapper(methodHandle, Handle, JavaValue*, Thread*)+0x57
V  [libjvm.dylib+0x2d6345]  JavaCalls::call_helper(JavaValue*, methodHandle*, JavaCallArguments*, Thread*)+0x5cf
V  [libjvm.dylib+0x2d5684]  JavaCalls::call_special(JavaValue*, KlassHandle, Symbol*, Symbol*, JavaCallArguments*, Thread*)+0x112
V  [libjvm.dylib+0x22bb39]  Exceptions::new_exception(Thread*, Symbol*, Symbol*, JavaCallArguments*, Handle, Handle)+0xbf
V  [libjvm.dylib+0x22bea0]  Exceptions::new_exception(Thread*, Symbol*, Symbol*, JavaCallArguments*, Handle, Handle, Handle)+0x38
V  [libjvm.dylib+0x22b791]  Exceptions::new_exception(Thread*, Symbol*, char const*, Handle, Handle, Handle, Exceptions::ExceptionMsgToUtf8Mode)+0xdb
V  [libjvm.dylib+0x22bfb2]  Exceptions::new_exception(Thread*, Symbol*, char const*, Exceptions::ExceptionMsgToUtf8Mode)+0x18
V  [libjvm.dylib+0x26dff0]  GenerateOopMap::verify_error(char const*, ...)+0x8e
V  [libjvm.dylib+0x2703d5]  GenerateOopMap::do_method(int, int, int, int)+0x119
V  [libjvm.dylib+0x26ea19]  GenerateOopMap::interp_bb(BasicBlock*)+0x1c7
V  [libjvm.dylib+0x26e5f0]  GenerateOopMap::interp_all()+0x3c
V  [libjvm.dylib+0x26e1b9]  GenerateOopMap::do_interpretation()+0x4b
V  [libjvm.dylib+0x270c5c]  GenerateOopMap::compute_map(Thread*)+0x238
V  [libjvm.dylib+0x48772f]  OopMapForCacheEntry::compute_map(Thread*)+0x7f
V  [libjvm.dylib+0x487fd8]  OopMapCacheEntry::fill(methodHandle, int)+0x186
V  [libjvm.dylib+0x4889b2]  OopMapCache::lookup(methodHandle, int, InterpreterOopMap*) const+0x48e
V  [libjvm.dylib+0x29f79f]  InstanceKlass::mask_for(methodHandle, int, InterpreterOopMap*)+0xd3
V  [libjvm.dylib+0x450e5b]  Method::mask_for(int, InterpreterOopMap*)+0xb3
V  [libjvm.dylib+0x39cea3]  VM_GetOrSetLocal::doit()+0x47
V  [libjvm.dylib+0x5a1436]  VM_Operation::evaluate()+0x46
V  [libjvm.dylib+0x5a09d9]  VMThread::evaluate_operation(VM_Operation*)+0x149
V  [libjvm.dylib+0x5a041d]  VMThread::loop()+0xb9
V  [libjvm.dylib+0x5a0258]  VMThread::run()+0x74
V  [libjvm.dylib+0x48d487]  java_start(Thread*)+0xfa
C  [libsystem_pthread.dylib+0x6109]  _pthread_start+0x94
C  [libsystem_pthread.dylib+0x1b8b]  thread_start+0xf

VM_Operation (0x0000700008312a98): GetOrSetLocal, mode: safepoint, requested by thread 0x00007fbc38814800


---------------  P R O C E S S  ---------------

Java Threads: ( => current thread )
  0x00007fbc364eb000 JavaThread "PulseTimer-CVDisplayLink thread" daemon [_thread_blocked, id=58947, stack(0x000070000808d000,0x000070000810d000)]
  0x00007fbc38332000 JavaThread "Prism Font Disposer" daemon [_thread_blocked, id=76687, stack(0x0000700008fc3000,0x00007000090c3000)]
  0x00007fbc3a16a000 JavaThread "JavaFX-Launcher" [_thread_blocked, id=83571, stack(0x00007000091cc000,0x00007000092cc000)]
  0x00007fbc389c3000 JavaThread "JavaFX Application Thread" [_thread_blocked, id=775, stack(0x00007ffee6c75000,0x00007ffee7475000)]
  0x00007fbc3785b000 JavaThread "Thread-1" daemon [_thread_blocked, id=24587, stack(0x0000700008c31000,0x0000700008d31000)]
  0x00007fbc388ba800 JavaThread "QuantumRenderer-0" daemon [_thread_blocked, id=22531, stack(0x0000700008b2e000,0x0000700008c2e000)]
  0x00007fbc38828800 JavaThread "Service Thread" daemon [_thread_blocked, id=22019, stack(0x0000700008928000,0x0000700008a28000)]
  0x00007fbc37822800 JavaThread "C1 CompilerThread3" daemon [_thread_blocked, id=21763, stack(0x0000700008825000,0x0000700008925000)]
  0x00007fbc3780d000 JavaThread "C2 CompilerThread2" daemon [_thread_blocked, id=16131, stack(0x0000700008722000,0x0000700008822000)]
  0x00007fbc39018000 JavaThread "C2 CompilerThread1" daemon [_thread_blocked, id=15619, stack(0x000070000861f000,0x000070000871f000)]
  0x00007fbc3a040000 JavaThread "C2 CompilerThread0" daemon [_thread_blocked, id=16899, stack(0x000070000851c000,0x000070000861c000)]
  0x00007fbc3780c000 JavaThread "JDWP Command Reader" daemon [_thread_blocked, id=17411, stack(0x0000700008419000,0x0000700008519000)]
  0x00007fbc37808800 JavaThread "JDWP Event Helper Thread" daemon [_thread_blocked, id=17667, stack(0x0000700008316000,0x0000700008416000)]
  0x00007fbc38814800 JavaThread "JDWP Transport Listener: dt_socket" daemon [_thread_blocked, id=18183, stack(0x0000700008213000,0x0000700008313000)]
  0x00007fbc3880c800 JavaThread "Signal Dispatcher" daemon [_thread_blocked, id=14851, stack(0x0000700008110000,0x0000700008210000)]
  0x00007fbc3982b000 JavaThread "Finalizer" daemon [_thread_blocked, id=19971, stack(0x0000700007f07000,0x0000700008007000)]
  0x00007fbc39828000 JavaThread "Reference Handler" daemon [_thread_blocked, id=12547, stack(0x0000700007e04000,0x0000700007f04000)]
  0x00007fbc39809000 JavaThread "main" [_thread_blocked, id=3587, stack(0x00007000073e6000,0x00007000074e6000)]

Other Threads:
=>0x00007fbc39821800 VMThread [stack: 0x0000700007d01000,0x0000700007e01000] [id=12035]
  0x00007fbc36022800 WatcherThread [stack: 0x0000700008a2b000,0x0000700008b2b000] [id=43011]

VM state:at safepoint (normal execution)

VM Mutex/Monitor currently owned by a thread:  ([mutex/lock_event])
[0x00007fbc37207950] Threads_lock - owner thread: 0x00007fbc39821800

heap address: 0x0000000687800000, size: 5000 MB, Compressed Oops mode: Zero based, Oop shift amount: 3
Narrow klass base: 0x0000000000000000, Narrow klass shift: 3
Compressed class space size: 1073741824 Address: 0x00000007c0000000

Heap:
 PSYoungGen      total 1189888K, used 350912K [0x0000000757d80000, 0x00000007ba580000, 0x00000007c0000000)
  eden space 1187328K, 29% used [0x0000000757d80000,0x000000076d230160,0x00000007a0500000)
  from space 2560K, 80% used [0x00000007ba300000,0x00000007ba500010,0x00000007ba580000)
  to   space 19968K, 0% used [0x00000007b7e80000,0x00000007b7e80000,0x00000007b9200000)
 ParOldGen       total 652288K, used 239541K [0x0000000687800000, 0x00000006af500000, 0x0000000757d80000)
  object space 652288K, 36% used [0x0000000687800000,0x00000006961ed7a0,0x00000006af500000)
 Metaspace       used 42610K, capacity 46014K, committed 46208K, reserved 1091584K
  class space    used 4372K, capacity 4922K, committed 4992K, reserved 1048576K

Card table byte_map: [0x000000010aa90000,0x000000010b455000] byte_map_base: 0x0000000107654000

Marking Bits: (ParMarkBitMap*) 0x0000000109f242e8
 Begin Bits: [0x000000011b081000, 0x000000011fea1000)
 End Bits:   [0x000000011fea1000, 0x0000000124cc1000)

Polling page: 0x00000001087fb000

CodeCache: size=245760Kb used=25740Kb max_used=26202Kb free=220019Kb
 bounds [0x000000010b9fe000, 0x000000010d4be000, 0x000000011a9fe000]
 total_blobs=6980 nmethods=6248 adapters=654
 compilation: enabled

Compilation events (10 events):
Event: 137670.301 Thread 0x00007fbc37822800 8658       3       com.sun.javafx.geom.transform.Affine3D::scale (159 bytes)
Event: 137670.302 Thread 0x00007fbc37822800 nmethod 8658 0x000000010cada610 code [0x000000010cada7c0, 0x000000010cadab38]
Event: 137679.068 Thread 0x00007fbc3a040000 8659   !   4       application_src.controllers.controllers.Window3DController::lambda$21 (657 bytes)
Event: 137679.355 Thread 0x00007fbc3a040000 nmethod 8659 0x000000010d1c44d0 code [0x000000010d1c4ee0, 0x000000010d1cbf28]
Event: 137680.631 Thread 0x00007fbc39018000 8660       4       com.sun.javafx.geom.transform.Affine3D::deriveWithTranslation (10 bytes)
Event: 137680.634 Thread 0x00007fbc39018000 nmethod 8660 0x000000010c0e8550 code [0x000000010c0e86c0, 0x000000010c0e8858]
Event: 137681.252 Thread 0x00007fbc3780d000 8661       4       javafx.scene.Node::invalidateLocalToParentTransform (15 bytes)
Event: 137681.254 Thread 0x00007fbc3780d000 nmethod 8661 0x000000010c94a410 code [0x000000010c94a560, 0x000000010c94a638]
Event: 137681.597 Thread 0x00007fbc3a040000 8662       4       javafx.scene.transform.Translate::impl_derive (17 bytes)
Event: 137681.605 Thread 0x00007fbc3a040000 nmethod 8662 0x000000010c738b90 code [0x000000010c738d80, 0x000000010c739348]

GC Heap History (10 events):
Event: 66271.034 GC heap before
{Heap before GC invocations=27 (full 5):
 PSYoungGen      total 1461248K, used 1461152K [0x0000000757d80000, 0x00000007be500000, 0x00000007c0000000)
  eden space 1459200K, 100% used [0x0000000757d80000,0x00000007b0e80000,0x00000007b0e80000)
  from space 2048K, 95% used [0x00000007bb680000,0x00000007bb868010,0x00000007bb880000)
  to   space 24576K, 0% used [0x00000007bcd00000,0x00000007bcd00000,0x00000007be500000)
 ParOldGen       total 652288K, used 239517K [0x0000000687800000, 0x00000006af500000, 0x0000000757d80000)
  object space 652288K, 36% used [0x0000000687800000,0x00000006961e77a0,0x00000006af500000)
 Metaspace       used 37099K, capacity 40084K, committed 40320K, reserved 1085440K
  class space    used 4147K, capacity 4647K, committed 4736K, reserved 1048576K
Event: 66271.039 GC heap after
Heap after GC invocations=27 (full 5):
 PSYoungGen      total 1401344K, used 1888K [0x0000000757d80000, 0x00000007bcf00000, 0x00000007c0000000)
  eden space 1399296K, 0% used [0x0000000757d80000,0x0000000757d80000,0x00000007ad400000)
  from space 2048K, 92% used [0x00000007bcd00000,0x00000007bced8010,0x00000007bcf00000)
  to   space 23552K, 0% used [0x00000007ba100000,0x00000007ba100000,0x00000007bb800000)
 ParOldGen       total 652288K, used 239525K [0x0000000687800000, 0x00000006af500000, 0x0000000757d80000)
  object space 652288K, 36% used [0x0000000687800000,0x00000006961e97a0,0x00000006af500000)
 Metaspace       used 37099K, capacity 40084K, committed 40320K, reserved 1085440K
  class space    used 4147K, capacity 4647K, committed 4736K, reserved 1048576K
}
Event: 77012.617 GC heap before
{Heap before GC invocations=28 (full 5):
 PSYoungGen      total 1401344K, used 1401184K [0x0000000757d80000, 0x00000007bcf00000, 0x00000007c0000000)
  eden space 1399296K, 100% used [0x0000000757d80000,0x00000007ad400000,0x00000007ad400000)
  from space 2048K, 92% used [0x00000007bcd00000,0x00000007bced8010,0x00000007bcf00000)
  to   space 23552K, 0% used [0x00000007ba100000,0x00000007ba100000,0x00000007bb800000)
 ParOldGen       total 652288K, used 239525K [0x0000000687800000, 0x00000006af500000, 0x0000000757d80000)
  object space 652288K, 36% used [0x0000000687800000,0x00000006961e97a0,0x00000006af500000)
 Metaspace       used 38430K, capacity 41480K, committed 41600K, reserved 1085440K
  class space    used 4203K, capacity 4709K, committed 4736K, reserved 1048576K
Event: 77012.622 GC heap after
Heap after GC invocations=28 (full 5):
 PSYoungGen      total 1344512K, used 1952K [0x0000000757d80000, 0x00000007bcd80000, 0x00000007c0000000)
  eden space 1342464K, 0% used [0x0000000757d80000,0x0000000757d80000,0x00000007a9c80000)
  from space 2048K, 95% used [0x00000007ba100000,0x00000007ba2e8010,0x00000007ba300000)
  to   space 23040K, 0% used [0x00000007bb700000,0x00000007bb700000,0x00000007bcd80000)
 ParOldGen       total 652288K, used 239533K [0x0000000687800000, 0x00000006af500000, 0x0000000757d80000)
  object space 652288K, 36% used [0x0000000687800000,0x00000006961eb7a0,0x00000006af500000)
 Metaspace       used 38430K, capacity 41480K, committed 41600K, reserved 1085440K
  class space    used 4203K, capacity 4709K, committed 4736K, reserved 1048576K
}
Event: 78008.550 GC heap before
{Heap before GC invocations=29 (full 5):
 PSYoungGen      total 1344512K, used 1344416K [0x0000000757d80000, 0x00000007bcd80000, 0x00000007c0000000)
  eden space 1342464K, 100% used [0x0000000757d80000,0x00000007a9c80000,0x00000007a9c80000)
  from space 2048K, 95% used [0x00000007ba100000,0x00000007ba2e8010,0x00000007ba300000)
  to   space 23040K, 0% used [0x00000007bb700000,0x00000007bb700000,0x00000007bcd80000)
 ParOldGen       total 652288K, used 239533K [0x0000000687800000, 0x00000006af500000, 0x0000000757d80000)
  object space 652288K, 36% used [0x0000000687800000,0x00000006961eb7a0,0x00000006af500000)
 Metaspace       used 39396K, capacity 42538K, committed 42752K, reserved 1087488K
  class space    used 4244K, capacity 4768K, committed 4864K, reserved 1048576K
Event: 78008.556 GC heap after
Heap after GC invocations=29 (full 5):
 PSYoungGen      total 1290752K, used 2080K [0x0000000757d80000, 0x00000007bb980000, 0x00000007c0000000)
  eden space 1288192K, 0% used [0x0000000757d80000,0x0000000757d80000,0x00000007a6780000)
  from space 2560K, 81% used [0x00000007bb700000,0x00000007bb908010,0x00000007bb980000)
  to   space 22016K, 0% used [0x00000007b8e80000,0x00000007b8e80000,0x00000007ba400000)
 ParOldGen       total 652288K, used 239541K [0x0000000687800000, 0x00000006af500000, 0x0000000757d80000)
  object space 652288K, 36% used [0x0000000687800000,0x00000006961ed7a0,0x00000006af500000)
 Metaspace       used 39396K, capacity 42538K, committed 42752K, reserved 1087488K
  class space    used 4244K, capacity 4768K, committed 4864K, reserved 1048576K
}
Event: 79046.751 GC heap before
{Heap before GC invocations=30 (full 5):
 PSYoungGen      total 1290752K, used 1290272K [0x0000000757d80000, 0x00000007bb980000, 0x00000007c0000000)
  eden space 1288192K, 100% used [0x0000000757d80000,0x00000007a6780000,0x00000007a6780000)
  from space 2560K, 81% used [0x00000007bb700000,0x00000007bb908010,0x00000007bb980000)
  to   space 22016K, 0% used [0x00000007b8e80000,0x00000007b8e80000,0x00000007ba400000)
 ParOldGen       total 652288K, used 239541K [0x0000000687800000, 0x00000006af500000, 0x0000000757d80000)
  object space 652288K, 36% used [0x0000000687800000,0x00000006961ed7a0,0x00000006af500000)
 Metaspace       used 40727K, capacity 43958K, committed 44032K, reserved 1089536K
  class space    used 4299K, capacity 4830K, committed 4864K, reserved 1048576K
Event: 79046.756 GC heap after
Heap after GC invocations=30 (full 5):
 PSYoungGen      total 1239040K, used 2080K [0x0000000757d80000, 0x00000007bb780000, 0x00000007c0000000)
  eden space 1236480K, 0% used [0x0000000757d80000,0x0000000757d80000,0x00000007a3500000)
  from space 2560K, 81% used [0x00000007b8e80000,0x00000007b9088010,0x00000007b9100000)
  to   space 20992K, 0% used [0x00000007ba300000,0x00000007ba300000,0x00000007bb780000)
 ParOldGen       total 652288K, used 239541K [0x0000000687800000, 0x00000006af500000, 0x0000000757d80000)
  object space 652288K, 36% used [0x0000000687800000,0x00000006961ed7a0,0x00000006af500000)
 Metaspace       used 40727K, capacity 43958K, committed 44032K, reserved 1089536K
  class space    used 4299K, capacity 4830K, committed 4864K, reserved 1048576K
}
Event: 136628.615 GC heap before
{Heap before GC invocations=31 (full 5):
 PSYoungGen      total 1239040K, used 1238560K [0x0000000757d80000, 0x00000007bb780000, 0x00000007c0000000)
  eden space 1236480K, 100% used [0x0000000757d80000,0x00000007a3500000,0x00000007a3500000)
  from space 2560K, 81% used [0x00000007b8e80000,0x00000007b9088010,0x00000007b9100000)
  to   space 20992K, 0% used [0x00000007ba300000,0x00000007ba300000,0x00000007bb780000)
 ParOldGen       total 652288K, used 239541K [0x0000000687800000, 0x00000006af500000, 0x0000000757d80000)
  object space 652288K, 36% used [0x0000000687800000,0x00000006961ed7a0,0x00000006af500000)
 Metaspace       used 41961K, capacity 45256K, committed 45440K, reserved 1089536K
  class space    used 4350K, capacity 4885K, committed 4992K, reserved 1048576K
Event: 136628.620 GC heap after
Heap after GC invocations=31 (full 5):
 PSYoungGen      total 1189888K, used 2048K [0x0000000757d80000, 0x00000007ba580000, 0x00000007c0000000)
  eden space 1187328K, 0% used [0x0000000757d80000,0x0000000757d80000,0x00000007a0500000)
  from space 2560K, 80% used [0x00000007ba300000,0x00000007ba500010,0x00000007ba580000)
  to   space 19968K, 0% used [0x00000007b7e80000,0x00000007b7e80000,0x00000007b9200000)
 ParOldGen       total 652288K, used 239541K [0x0000000687800000, 0x00000006af500000, 0x0000000757d80000)
  object space 652288K, 36% used [0x0000000687800000,0x00000006961ed7a0,0x00000006af500000)
 Metaspace       used 41961K, capacity 45256K, committed 45440K, reserved 1089536K
  class space    used 4350K, capacity 4885K, committed 4992K, reserved 1048576K
}

Deoptimization events (10 events):
Event: 78146.590 Thread 0x00007fbc389c3000 Uncommon trap: reason=null_check action=make_not_entrant pc=0x000000010d1c9c1c method=application_src.controllers.controllers.Window3DController.lambda$21(Ljavafx/scene/input/MouseEvent;)V @ 156
Event: 78821.631 Thread 0x00007fbc389c3000 Uncommon trap: reason=unstable_if action=reinterpret pc=0x000000010cd8de70 method=javafx.scene.Node$NodeTransformation.invalidateLocalToParentTransform()V @ 4
Event: 78865.037 Thread 0x00007fbc389c3000 Uncommon trap: reason=unstable_if action=reinterpret pc=0x000000010cb2f9b4 method=javafx.scene.transform.Affine.updateState()V @ 87
Event: 78865.038 Thread 0x00007fbc389c3000 Uncommon trap: reason=unstable_if action=reinterpret pc=0x000000010cb82564 method=javafx.scene.transform.Affine.updateState()V @ 87
Event: 136585.093 Thread 0x00007fbc389c3000 Uncommon trap: reason=null_check action=make_not_entrant pc=0x000000010ce67360 method=application_src.controllers.controllers.Window3DController.lambda$21(Ljavafx/scene/input/MouseEvent;)V @ 156
Event: 137667.742 Thread 0x00007fbc389c3000 Uncommon trap: reason=unstable_if action=reinterpret pc=0x000000010c6211bc method=javafx.scene.Node.updateLocalToParentTransform()V @ 152
Event: 137667.742 Thread 0x00007fbc389c3000 Uncommon trap: reason=unstable_if action=reinterpret pc=0x000000010d06c2d0 method=com.sun.javafx.geom.transform.Affine3D.rotate(DDDD)V @ 7
Event: 137667.742 Thread 0x00007fbc389c3000 Uncommon trap: reason=unstable_if action=reinterpret pc=0x000000010d022c90 method=com.sun.javafx.geom.transform.Affine3D.translate(DDD)V @ 45
Event: 137667.742 Thread 0x00007fbc389c3000 Uncommon trap: reason=unstable_if action=reinterpret pc=0x000000010caf0724 method=com.sun.javafx.geom.transform.Affine3D.translate(DDD)V @ 45
Event: 137667.742 Thread 0x00007fbc389c3000 Uncommon trap: reason=unstable_if action=reinterpret pc=0x000000010caf0bcc method=com.sun.javafx.geom.transform.Affine3D.translate(DDD)V @ 45

Classes redefined (10 events):
Event: 136781.882 Thread 0x00007fbc39821800 redefined class name=application_src.controllers.controllers.Window3DController$RenderService, count=91
Event: 136781.918 Thread 0x00007fbc39821800 redefined class name=application_src.controllers.controllers.Window3DController$PlayService$1, count=72
Event: 136781.954 Thread 0x00007fbc39821800 redefined class name=application_src.controllers.controllers.Window3DController$RenderService$1, count=88
Event: 137650.792 Thread 0x00007fbc39821800 redefined class name=application_src.controllers.controllers.Window3DController$OpacityComparator, count=92
Event: 137650.836 Thread 0x00007fbc39821800 redefined class name=application_src.controllers.controllers.Window3DController, count=92
Event: 137650.873 Thread 0x00007fbc39821800 redefined class name=application_src.controllers.controllers.Window3DController$SubsceneSizeListener, count=92
Event: 137650.914 Thread 0x00007fbc39821800 redefined class name=application_src.controllers.controllers.Window3DController$PlayService, count=92
Event: 137650.951 Thread 0x00007fbc39821800 redefined class name=application_src.controllers.controllers.Window3DController$RenderService, count=92
Event: 137650.987 Thread 0x00007fbc39821800 redefined class name=application_src.controllers.controllers.Window3DController$PlayService$1, count=73
Event: 137651.024 Thread 0x00007fbc39821800 redefined class name=application_src.controllers.controllers.Window3DController$RenderService$1, count=89

Internal exceptions (10 events):
Event: 76986.565 Thread 0x00007fbc389c3000 Implicit null exception at 0x000000010bf75c86 to 0x000000010bf791b2
Event: 76989.253 Thread 0x00007fbc3a177000 Exception <a 'java/lang/InterruptedException': sleep interrupted> (0x00000007a382f558) thrown at [/System/Volumes/Data/jenkins/workspace/8-2-build-macosx-x86_64/jdk8u311/1894/hotspot/src/share/vm/prims/jvm.cpp, line 3369]
Event: 77079.838 Thread 0x00007fbc38721800 Exception <a 'java/lang/InterruptedException': sleep interrupted> (0x0000000762b05b30) thrown at [/System/Volumes/Data/jenkins/workspace/8-2-build-macosx-x86_64/jdk8u311/1894/hotspot/src/share/vm/prims/jvm.cpp, line 3369]
Event: 77344.229 Thread 0x00007fbc389c3000 Implicit null exception at 0x000000010cef5af4 to 0x000000010cefb449
Event: 77344.302 Thread 0x00007fbc3f111000 Exception <a 'java/lang/InterruptedException': sleep interrupted> (0x000000078045e660) thrown at [/System/Volumes/Data/jenkins/workspace/8-2-build-macosx-x86_64/jdk8u311/1894/hotspot/src/share/vm/prims/jvm.cpp, line 3369]
Event: 78025.494 Thread 0x00007fbc37b8c800 Exception <a 'java/lang/InterruptedException': sleep interrupted> (0x000000075cb3ca18) thrown at [/System/Volumes/Data/jenkins/workspace/8-2-build-macosx-x86_64/jdk8u311/1894/hotspot/src/share/vm/prims/jvm.cpp, line 3369]
Event: 78146.590 Thread 0x00007fbc389c3000 Implicit null exception at 0x000000010d1c4a6c to 0x000000010d1c9bec
Event: 78621.758 Thread 0x00007fbc36343800 Exception <a 'java/lang/InterruptedException': sleep interrupted> (0x000000078bf83c40) thrown at [/System/Volumes/Data/jenkins/workspace/8-2-build-macosx-x86_64/jdk8u311/1894/hotspot/src/share/vm/prims/jvm.cpp, line 3369]
Event: 135570.973 Thread 0x00007fbc3a177000 Exception <a 'java/lang/InterruptedException': sleep interrupted> (0x000000077faeb1b0) thrown at [/System/Volumes/Data/jenkins/workspace/8-2-build-macosx-x86_64/jdk8u311/1894/hotspot/src/share/vm/prims/jvm.cpp, line 3369]
Event: 136585.093 Thread 0x00007fbc389c3000 Implicit null exception at 0x000000010ce61f32 to 0x000000010ce6732d

Events (10 events):
Event: 137688.603 Executing VM operation: GetCurrentContendedMonitor done
Event: 137688.603 Executing VM operation: GetOwnedMonitorInfo
Event: 137688.603 Executing VM operation: GetOwnedMonitorInfo done
Event: 137688.603 Executing VM operation: GetCurrentContendedMonitor
Event: 137688.603 Executing VM operation: GetCurrentContendedMonitor done
Event: 137688.604 Executing VM operation: GetCurrentContendedMonitor
Event: 137688.604 Executing VM operation: GetCurrentContendedMonitor done
Event: 137688.604 Executing VM operation: GetOwnedMonitorInfo
Event: 137688.604 Executing VM operation: GetOwnedMonitorInfo done
Event: 137688.882 Executing VM operation: GetOrSetLocal


Dynamic libraries:
0x00007fff2d8cd000 	/System/Library/Frameworks/Cocoa.framework/Versions/A/Cocoa
0x00007fff3b0ff000 	/System/Library/Frameworks/Security.framework/Versions/A/Security
0x00007fff2c832000 	/System/Library/Frameworks/ApplicationServices.framework/Versions/A/ApplicationServices
0x00007fff67f80000 	/usr/lib/libz.1.dylib
0x00007fff659b6000 	/usr/lib/libSystem.B.dylib
0x00007fff2e780000 	/System/Library/Frameworks/CoreFoundation.framework/Versions/A/CoreFoundation
0x00007fff30e60000 	/System/Library/Frameworks/Foundation.framework/Versions/C/Foundation
0x00007fff678ad000 	/usr/lib/libobjc.A.dylib
0x00007fff2ba22000 	/System/Library/Frameworks/AppKit.framework/Versions/C/AppKit
0x00007fff2e251000 	/System/Library/Frameworks/CoreData.framework/Versions/A/CoreData
0x00007fff5f9cb000 	/System/Library/PrivateFrameworks/UIFoundation.framework/Versions/A/UIFoundation
0x00007fff5aa5f000 	/System/Library/PrivateFrameworks/RemoteViewServices.framework/Versions/A/RemoteViewServices
0x00007fff62526000 	/System/Library/PrivateFrameworks/XCTTargetBootstrap.framework/Versions/A/XCTTargetBootstrap
0x00007fff2e64d000 	/System/Library/Frameworks/CoreDisplay.framework/Versions/A/CoreDisplay
0x00007fff33d1f000 	/System/Library/Frameworks/Metal.framework/Versions/A/Metal
0x00007fff488f5000 	/System/Library/PrivateFrameworks/DesktopServicesPriv.framework/Versions/A/DesktopServicesPriv
0x00007fff66b88000 	/usr/lib/liblangid.dylib
0x00007fff47b8a000 	/System/Library/PrivateFrameworks/CoreSVG.framework/Versions/A/CoreSVG
0x00007fff5dbbb000 	/System/Library/PrivateFrameworks/SkyLight.framework/Versions/A/SkyLight
0x00007fff2ec02000 	/System/Library/Frameworks/CoreGraphics.framework/Versions/A/CoreGraphics
0x00007fff2a391000 	/System/Library/Frameworks/Accelerate.framework/Versions/A/Accelerate
0x00007fff67e71000 	/usr/lib/libxml2.2.dylib
0x00007fff53893000 	/System/Library/PrivateFrameworks/IconServices.framework/Versions/A/IconServices
0x00007fff3163f000 	/System/Library/Frameworks/IOSurface.framework/Versions/A/IOSurface
0x00007fff654e0000 	/usr/lib/libDiagnosticMessagesClient.dylib
0x00007fff4874f000 	/System/Library/PrivateFrameworks/DFRFoundation.framework/Versions/A/DFRFoundation
0x00007fff66917000 	/usr/lib/libicucore.A.dylib
0x00007fff2cb64000 	/System/Library/Frameworks/AudioToolbox.framework/Versions/A/AudioToolbox
0x00007fff2cc47000 	/System/Library/Frameworks/AudioUnit.framework/Versions/A/AudioUnit
0x00007fff65c4e000 	/usr/lib/libauto.dylib
0x00007fff487f1000 	/System/Library/PrivateFrameworks/DataDetectorsCore.framework/Versions/A/DataDetectorsCore
0x00007fff2d3ee000 	/System/Library/Frameworks/Carbon.framework/Versions/A/Frameworks/HIToolbox.framework/Versions/A/HIToolbox
0x00007fff3a2f8000 	/System/Library/Frameworks/QuartzCore.framework/Versions/A/QuartzCore
0x00007fff2d72d000 	/System/Library/Frameworks/Carbon.framework/Versions/A/Frameworks/SpeechRecognition.framework/Versions/A/SpeechRecognition
0x00007fff48263000 	/System/Library/PrivateFrameworks/CoreUI.framework/Versions/A/CoreUI
0x00007fff2dcbc000 	/System/Library/Frameworks/CoreAudio.framework/Versions/A/CoreAudio
0x00007fff30b1f000 	/System/Library/Frameworks/DiskArbitration.framework/Versions/A/DiskArbitration
0x00007fff55a3a000 	/System/Library/PrivateFrameworks/MultitouchSupport.framework/Versions/A/MultitouchSupport
0x00007fff667de000 	/usr/lib/libenergytrace.dylib
0x00007fff31599000 	/System/Library/Frameworks/IOKit.framework/Versions/A/IOKit
0x00007fff2fb8b000 	/System/Library/Frameworks/CoreServices.framework/Versions/A/CoreServices
0x00007fff57bf2000 	/System/Library/PrivateFrameworks/PerformanceAnalysis.framework/Versions/A/PerformanceAnalysis
0x00007fff3932b000 	/System/Library/Frameworks/OpenGL.framework/Versions/A/OpenGL
0x00007fff2d8db000 	/System/Library/Frameworks/ColorSync.framework/Versions/A/ColorSync
0x00007fff2f2a7000 	/System/Library/Frameworks/CoreImage.framework/Versions/A/CoreImage
0x00007fff305fe000 	/System/Library/Frameworks/CoreText.framework/Versions/A/CoreText
0x00007fff316cf000 	/System/Library/Frameworks/ImageIO.framework/Versions/A/ImageIO
0x00007fff65d32000 	/usr/lib/libc++.1.dylib
0x00007fff65dae000 	/usr/lib/libcompression.dylib
0x00007fff65824000 	/usr/lib/libMobileGestalt.dylib
0x00007fff5f735000 	/System/Library/PrivateFrameworks/TextureIO.framework/Versions/A/TextureIO
0x00007fff65b1b000 	/usr/lib/libate.dylib
0x00007fff53a9c000 	/System/Library/PrivateFrameworks/InternationalSupport.framework/Versions/A/InternationalSupport
0x00007fff68841000 	/usr/lib/system/libcache.dylib
0x00007fff68847000 	/usr/lib/system/libcommonCrypto.dylib
0x00007fff68853000 	/usr/lib/system/libcompiler_rt.dylib
0x00007fff6885b000 	/usr/lib/system/libcopyfile.dylib
0x00007fff68865000 	/usr/lib/system/libcorecrypto.dylib
0x00007fff68a04000 	/usr/lib/system/libdispatch.dylib
0x00007fff68a45000 	/usr/lib/system/libdyld.dylib
0x00007fff68a7c000 	/usr/lib/system/libkeymgr.dylib
0x00007fff68a8a000 	/usr/lib/system/liblaunch.dylib
0x00007fff68a8b000 	/usr/lib/system/libmacho.dylib
0x00007fff68a91000 	/usr/lib/system/libquarantine.dylib
0x00007fff68a94000 	/usr/lib/system/libremovefile.dylib
0x00007fff68a96000 	/usr/lib/system/libsystem_asl.dylib
0x00007fff68aae000 	/usr/lib/system/libsystem_blocks.dylib
0x00007fff68aaf000 	/usr/lib/system/libsystem_c.dylib
0x00007fff68b37000 	/usr/lib/system/libsystem_configuration.dylib
0x00007fff68b3b000 	/usr/lib/system/libsystem_coreservices.dylib
0x00007fff68b3f000 	/usr/lib/system/libsystem_darwin.dylib
0x00007fff68b48000 	/usr/lib/system/libsystem_dnssd.dylib
0x00007fff68b50000 	/usr/lib/system/libsystem_featureflags.dylib
0x00007fff68b52000 	/usr/lib/system/libsystem_info.dylib
0x00007fff68bcd000 	/usr/lib/system/libsystem_m.dylib
0x00007fff68c19000 	/usr/lib/system/libsystem_malloc.dylib
0x00007fff68c41000 	/usr/lib/system/libsystem_networkextension.dylib
0x00007fff68c4f000 	/usr/lib/system/libsystem_notify.dylib
0x00007fff68c6d000 	/usr/lib/system/libsystem_sandbox.dylib
0x00007fff68c72000 	/usr/lib/system/libsystem_secinit.dylib
0x00007fff68ba0000 	/usr/lib/system/libsystem_kernel.dylib
0x00007fff68c59000 	/usr/lib/system/libsystem_platform.dylib
0x00007fff68c62000 	/usr/lib/system/libsystem_pthread.dylib
0x00007fff68c75000 	/usr/lib/system/libsystem_symptoms.dylib
0x00007fff68c7d000 	/usr/lib/system/libsystem_trace.dylib
0x00007fff68c95000 	/usr/lib/system/libunwind.dylib
0x00007fff68c9b000 	/usr/lib/system/libxpc.dylib
0x00007fff65d85000 	/usr/lib/libc++abi.dylib
0x00007fff66b8a000 	/usr/lib/liblzma.5.dylib
0x00007fff66805000 	/usr/lib/libfakelink.dylib
0x00007fff65aa8000 	/usr/lib/libarchive.2.dylib
0x00007fff3c1b0000 	/System/Library/Frameworks/SystemConfiguration.framework/Versions/A/SystemConfiguration
0x00007fff65413000 	/usr/lib/libCRFSuite.dylib
0x00007fff2cfde000 	/System/Library/Frameworks/CFNetwork.framework/Versions/A/CFNetwork
0x00007fff65d14000 	/usr/lib/libbsm.0.dylib
0x00007fff68a7d000 	/usr/lib/system/libkxld.dylib
0x00007fff420cc000 	/System/Library/PrivateFrameworks/AppleFSCompression.framework/Versions/A/AppleFSCompression
0x00007fff660a0000 	/usr/lib/libcoretls.dylib
0x00007fff660b7000 	/usr/lib/libcoretls_cfhelpers.dylib
0x00007fff678f2000 	/usr/lib/libpam.2.dylib
0x00007fff67a27000 	/usr/lib/libsqlite3.dylib
0x00007fff67e5e000 	/usr/lib/libxar.1.dylib
0x00007fff65d25000 	/usr/lib/libbz2.1.0.dylib
0x00007fff66826000 	/usr/lib/libiconv.2.dylib
0x00007fff65d9b000 	/usr/lib/libcharset.1.dylib
0x00007fff67390000 	/usr/lib/libnetwork.dylib
0x00007fff678f9000 	/usr/lib/libpcap.A.dylib
0x00007fff65a5d000 	/usr/lib/libapple_nghttp2.dylib
0x00007fff2ff42000 	/System/Library/Frameworks/CoreServices.framework/Versions/A/Frameworks/FSEvents.framework/Versions/A/FSEvents
0x00007fff2fc12000 	/System/Library/Frameworks/CoreServices.framework/Versions/A/Frameworks/CarbonCore.framework/Versions/A/CarbonCore
0x00007fff30186000 	/System/Library/Frameworks/CoreServices.framework/Versions/A/Frameworks/Metadata.framework/Versions/A/Metadata
0x00007fff3021f000 	/System/Library/Frameworks/CoreServices.framework/Versions/A/Frameworks/OSServices.framework/Versions/A/OSServices
0x00007fff3024d000 	/System/Library/Frameworks/CoreServices.framework/Versions/A/Frameworks/SearchKit.framework/Versions/A/SearchKit
0x00007fff2fb8c000 	/System/Library/Frameworks/CoreServices.framework/Versions/A/Frameworks/AE.framework/Versions/A/AE
0x00007fff2ff4b000 	/System/Library/Frameworks/CoreServices.framework/Versions/A/Frameworks/LaunchServices.framework/Versions/A/LaunchServices
0x00007fff2fef4000 	/System/Library/Frameworks/CoreServices.framework/Versions/A/Frameworks/DictionaryServices.framework/Versions/A/DictionaryServices
0x00007fff302b5000 	/System/Library/Frameworks/CoreServices.framework/Versions/A/Frameworks/SharedFileList.framework/Versions/A/SharedFileList
0x00007fff3514a000 	/System/Library/Frameworks/NetFS.framework/Versions/A/NetFS
0x00007fff55f6a000 	/System/Library/PrivateFrameworks/NetAuth.framework/Versions/A/NetAuth
0x00007fff628f3000 	/System/Library/PrivateFrameworks/login.framework/Versions/A/Frameworks/loginsupport.framework/Versions/A/loginsupport
0x00007fff5f200000 	/System/Library/PrivateFrameworks/TCC.framework/Versions/A/TCC
0x00007fff46cfd000 	/System/Library/PrivateFrameworks/CoreNLP.framework/Versions/A/CoreNLP
0x00007fff55310000 	/System/Library/PrivateFrameworks/MetadataUtilities.framework/Versions/A/MetadataUtilities
0x00007fff66c62000 	/usr/lib/libmecabra.dylib
0x00007fff66bba000 	/usr/lib/libmecab.dylib
0x00007fff66816000 	/usr/lib/libgermantok.dylib
0x00007fff65a44000 	/usr/lib/libThaiTokenizer.dylib
0x00007fff6544a000 	/usr/lib/libChineseTokenizer.dylib
0x00007fff2a3aa000 	/System/Library/Frameworks/Accelerate.framework/Versions/A/Frameworks/vImage.framework/Versions/A/vImage
0x00007fff2b878000 	/System/Library/Frameworks/Accelerate.framework/Versions/A/Frameworks/vecLib.framework/Versions/A/vecLib
0x00007fff2b6f9000 	/System/Library/Frameworks/Accelerate.framework/Versions/A/Frameworks/vecLib.framework/Versions/A/libvMisc.dylib
0x00007fff2b566000 	/System/Library/Frameworks/Accelerate.framework/Versions/A/Frameworks/vecLib.framework/Versions/A/libvDSP.dylib
0x00007fff2ac46000 	/System/Library/Frameworks/Accelerate.framework/Versions/A/Frameworks/vecLib.framework/Versions/A/libBLAS.dylib
0x00007fff2b11e000 	/System/Library/Frameworks/Accelerate.framework/Versions/A/Frameworks/vecLib.framework/Versions/A/libLAPACK.dylib
0x00007fff2b4c6000 	/System/Library/Frameworks/Accelerate.framework/Versions/A/Frameworks/vecLib.framework/Versions/A/libLinearAlgebra.dylib
0x00007fff2b553000 	/System/Library/Frameworks/Accelerate.framework/Versions/A/Frameworks/vecLib.framework/Versions/A/libSparseBLAS.dylib
0x00007fff2b4dc000 	/System/Library/Frameworks/Accelerate.framework/Versions/A/Frameworks/vecLib.framework/Versions/A/libQuadrature.dylib
0x00007fff2addc000 	/System/Library/Frameworks/Accelerate.framework/Versions/A/Frameworks/vecLib.framework/Versions/A/libBNNS.dylib
0x00007fff2b4e2000 	/System/Library/Frameworks/Accelerate.framework/Versions/A/Frameworks/vecLib.framework/Versions/A/libSparse.dylib
0x00007fff53e84000 	/System/Library/PrivateFrameworks/LanguageModeling.framework/Versions/A/LanguageModeling
0x00007fff466ad000 	/System/Library/PrivateFrameworks/CoreEmoji.framework/Versions/A/CoreEmoji
0x00007fff53fa2000 	/System/Library/PrivateFrameworks/LinguisticData.framework/Versions/A/LinguisticData
0x00007fff53f53000 	/System/Library/PrivateFrameworks/Lexicon.framework/Versions/A/Lexicon
0x00007fff65d9c000 	/usr/lib/libcmph.dylib
0x00007fff37d39000 	/System/Library/Frameworks/OpenDirectory.framework/Versions/A/Frameworks/CFOpenDirectory.framework/Versions/A/CFOpenDirectory
0x00007fff37d56000 	/System/Library/Frameworks/OpenDirectory.framework/Versions/A/OpenDirectory
0x00007fff4019a000 	/System/Library/PrivateFrameworks/APFS.framework/Versions/A/APFS
0x00007fff3b449000 	/System/Library/Frameworks/SecurityFoundation.framework/Versions/A/SecurityFoundation
0x00007fff67e5a000 	/usr/lib/libutil.dylib
0x00007fff47be2000 	/System/Library/PrivateFrameworks/CoreServicesStore.framework/Versions/A/CoreServicesStore
0x00007fff3b500000 	/System/Library/Frameworks/ServiceManagement.framework/Versions/A/ServiceManagement
0x00007fff4389c000 	/System/Library/PrivateFrameworks/BackgroundTaskManagement.framework/Versions/A/BackgroundTaskManagement
0x00007fff67f57000 	/usr/lib/libxslt.1.dylib
0x00007fff4273f000 	/System/Library/PrivateFrameworks/AppleSystemInfo.framework/Versions/A/AppleSystemInfo
0x00007fff318ed000 	/System/Library/Frameworks/ImageIO.framework/Versions/A/Resources/libJPEG.dylib
0x00007fff31bad000 	/System/Library/Frameworks/ImageIO.framework/Versions/A/Resources/libTIFF.dylib
0x00007fff31b90000 	/System/Library/Frameworks/ImageIO.framework/Versions/A/Resources/libPng.dylib
0x00007fff3182f000 	/System/Library/Frameworks/ImageIO.framework/Versions/A/Resources/libGIF.dylib
0x00007fff31833000 	/System/Library/Frameworks/ImageIO.framework/Versions/A/Resources/libJP2.dylib
0x00007fff31bab000 	/System/Library/Frameworks/ImageIO.framework/Versions/A/Resources/libRadiance.dylib
0x00007fff667df000 	/usr/lib/libexpat.1.dylib
0x00007fff42227000 	/System/Library/PrivateFrameworks/AppleJPEG.framework/Versions/A/AppleJPEG
0x00007fff4aef8000 	/System/Library/PrivateFrameworks/FontServices.framework/libFontParser.dylib
0x00007fff618f5000 	/System/Library/PrivateFrameworks/WatchdogClient.framework/Versions/A/WatchdogClient
0x00007fff534df000 	/System/Library/PrivateFrameworks/IOAccelerator.framework/Versions/A/IOAccelerator
0x00007fff340ba000 	/System/Library/Frameworks/MetalPerformanceShaders.framework/Versions/A/MetalPerformanceShaders
0x00007fff4fc75000 	/System/Library/PrivateFrameworks/GPUWrangler.framework/Versions/A/GPUWrangler
0x00007fff534f4000 	/System/Library/PrivateFrameworks/IOPresentment.framework/Versions/A/IOPresentment
0x00007fff48762000 	/System/Library/PrivateFrameworks/DSExternalDisplay.framework/Versions/A/DSExternalDisplay
0x00007fff386ca000 	/System/Library/Frameworks/OpenGL.framework/Versions/A/Libraries/libCoreFSCache.dylib
0x00007fff33e06000 	/System/Library/Frameworks/MetalPerformanceShaders.framework/Frameworks/MPSCore.framework/Versions/A/MPSCore
0x00007fff33e44000 	/System/Library/Frameworks/MetalPerformanceShaders.framework/Frameworks/MPSImage.framework/Versions/A/MPSImage
0x00007fff33f0b000 	/System/Library/Frameworks/MetalPerformanceShaders.framework/Frameworks/MPSNeuralNetwork.framework/Versions/A/MPSNeuralNetwork
0x00007fff33ecf000 	/System/Library/Frameworks/MetalPerformanceShaders.framework/Frameworks/MPSMatrix.framework/Versions/A/MPSMatrix
0x00007fff3406a000 	/System/Library/Frameworks/MetalPerformanceShaders.framework/Frameworks/MPSRayIntersector.framework/Versions/A/MPSRayIntersector
0x00007fff33ef5000 	/System/Library/Frameworks/MetalPerformanceShaders.framework/Frameworks/MPSNDArray.framework/Versions/A/MPSNDArray
0x00007fff5535d000 	/System/Library/PrivateFrameworks/MetalTools.framework/Versions/A/MetalTools
0x00007fff41374000 	/System/Library/PrivateFrameworks/AggregateDictionary.framework/Versions/A/AggregateDictionary
0x00007fff460f5000 	/System/Library/PrivateFrameworks/CoreAnalytics.framework/Versions/A/CoreAnalytics
0x00007fff4265e000 	/System/Library/PrivateFrameworks/AppleSauce.framework/Versions/A/AppleSauce
0x00007fff65706000 	/usr/lib/libIOReport.dylib
0x00007fff307b6000 	/System/Library/Frameworks/CoreVideo.framework/Versions/A/CoreVideo
0x00007fff510ee000 	/System/Library/PrivateFrameworks/GraphVisualizer.framework/Versions/A/GraphVisualizer
0x00007fff4a43e000 	/System/Library/PrivateFrameworks/FaceCore.framework/Versions/A/FaceCore
0x00007fff37ce0000 	/System/Library/Frameworks/OpenCL.framework/Versions/A/OpenCL
0x00007fff65528000 	/usr/lib/libFosl_dynamic.dylib
0x00007fff5698a000 	/System/Library/PrivateFrameworks/OTSVG.framework/Versions/A/OTSVG
0x00007fff2c937000 	/System/Library/Frameworks/ApplicationServices.framework/Versions/A/Frameworks/ATS.framework/Versions/A/Resources/libFontRegistry.dylib
0x00007fff4b0c9000 	/System/Library/PrivateFrameworks/FontServices.framework/libhvf.dylib
0x00007fff386d5000 	/System/Library/Frameworks/OpenGL.framework/Versions/A/Libraries/libGFXShared.dylib
0x00007fff388b3000 	/System/Library/Frameworks/OpenGL.framework/Versions/A/Libraries/libGLU.dylib
0x00007fff386de000 	/System/Library/Frameworks/OpenGL.framework/Versions/A/Libraries/libGL.dylib
0x00007fff386e9000 	/System/Library/Frameworks/OpenGL.framework/Versions/A/Libraries/libGLImage.dylib
0x00007fff386c7000 	/System/Library/Frameworks/OpenGL.framework/Versions/A/Libraries/libCVMSPluginSupport.dylib
0x00007fff386d0000 	/System/Library/Frameworks/OpenGL.framework/Versions/A/Libraries/libCoreVMClient.dylib
0x00007fff67231000 	/usr/lib/libncurses.5.4.dylib
0x00007fff2c833000 	/System/Library/Frameworks/ApplicationServices.framework/Versions/A/Frameworks/ATS.framework/Versions/A/ATS
0x00007fff2ca00000 	/System/Library/Frameworks/ApplicationServices.framework/Versions/A/Frameworks/ColorSyncLegacy.framework/Versions/A/ColorSyncLegacy
0x00007fff2ca9e000 	/System/Library/Frameworks/ApplicationServices.framework/Versions/A/Frameworks/HIServices.framework/Versions/A/HIServices
0x00007fff2caf6000 	/System/Library/Frameworks/ApplicationServices.framework/Versions/A/Frameworks/LangAnalysis.framework/Versions/A/LangAnalysis
0x00007fff2cb05000 	/System/Library/Frameworks/ApplicationServices.framework/Versions/A/Frameworks/PrintCore.framework/Versions/A/PrintCore
0x00007fff2cb4b000 	/System/Library/Frameworks/ApplicationServices.framework/Versions/A/Frameworks/QD.framework/Versions/A/QD
0x00007fff2cb56000 	/System/Library/Frameworks/ApplicationServices.framework/Versions/A/Frameworks/SpeechSynthesis.framework/Versions/A/SpeechSynthesis
0x00007fff2c9d0000 	/System/Library/Frameworks/ApplicationServices.framework/Versions/A/Frameworks/ATSUI.framework/Versions/A/ATSUI
0x00007fff66675000 	/usr/lib/libcups.2.dylib
0x00007fff33155000 	/System/Library/Frameworks/Kerberos.framework/Versions/A/Kerberos
0x00007fff31292000 	/System/Library/Frameworks/GSS.framework/Versions/A/GSS
0x00007fff679b3000 	/usr/lib/libresolv.9.dylib
0x00007fff5129b000 	/System/Library/PrivateFrameworks/Heimdal.framework/Versions/A/Heimdal
0x00007fff33168000 	/System/Library/Frameworks/Kerberos.framework/Versions/A/Libraries/libHeimdalProxy.dylib
0x00007fff6681c000 	/usr/lib/libheimdal-asn1.dylib
0x00007fff4558d000 	/System/Library/PrivateFrameworks/CommonAuth.framework/Versions/A/CommonAuth
0x00007fff427dc000 	/System/Library/PrivateFrameworks/AssertionServices.framework/Versions/A/AssertionServices
0x00007fff4337f000 	/System/Library/PrivateFrameworks/AudioToolboxCore.framework/Versions/A/AudioToolboxCore
0x00007fff625a3000 	/System/Library/PrivateFrameworks/caulk.framework/Versions/A/caulk
0x00007fff43948000 	/System/Library/PrivateFrameworks/BaseBoard.framework/Versions/A/BaseBoard
0x00007fff5abed000 	/System/Library/PrivateFrameworks/RunningBoardServices.framework/Versions/A/RunningBoardServices
0x00007fff57bfe000 	/System/Library/PrivateFrameworks/PersistentConnection.framework/Versions/A/PersistentConnection
0x00007fff5a5e6000 	/System/Library/PrivateFrameworks/ProtocolBuffer.framework/Versions/A/ProtocolBuffer
0x00007fff455b1000 	/System/Library/PrivateFrameworks/CommonUtilities.framework/Versions/A/CommonUtilities
0x00007fff43ad6000 	/System/Library/PrivateFrameworks/Bom.framework/Versions/A/Bom
0x00007fff653d9000 	/usr/lib/libAudioToolboxUtility.dylib
0x00007fff438a6000 	/System/Library/PrivateFrameworks/Backup.framework/Versions/A/Backup
0x00007fff48683000 	/System/Library/PrivateFrameworks/CrashReporterSupport.framework/Versions/A/CrashReporterSupport
0x00007fff5c67f000 	/System/Library/PrivateFrameworks/Sharing.framework/Versions/A/Sharing
0x00007fff41dea000 	/System/Library/PrivateFrameworks/Apple80211.framework/Versions/A/Apple80211
0x00007fff435c3000 	/System/Library/PrivateFrameworks/AuthKit.framework/Versions/A/AuthKit
0x00007fff48390000 	/System/Library/PrivateFrameworks/CoreUtils.framework/Versions/A/CoreUtils
0x00007fff307fb000 	/System/Library/Frameworks/CoreWLAN.framework/Versions/A/CoreWLAN
0x00007fff3141f000 	/System/Library/Frameworks/IOBluetooth.framework/Versions/A/IOBluetooth
0x00007fff557b9000 	/System/Library/PrivateFrameworks/MobileKeyBag.framework/Versions/A/MobileKeyBag
0x00007fff47195000 	/System/Library/PrivateFrameworks/CorePhoneNumbers.framework/Versions/A/CorePhoneNumbers
0x00007fff421da000 	/System/Library/PrivateFrameworks/AppleIDAuthSupport.framework/Versions/A/AppleIDAuthSupport
0x00007fff35157000 	/System/Library/Frameworks/Network.framework/Versions/A/Network
0x00007fff53d30000 	/System/Library/PrivateFrameworks/KeychainCircle.framework/Versions/A/KeychainCircle
0x00007fff2e218000 	/System/Library/Frameworks/CoreBluetooth.framework/Versions/A/CoreBluetooth
0x00007fff5e6fe000 	/System/Library/PrivateFrameworks/SpeechRecognitionCore.framework/Versions/A/SpeechRecognitionCore
0x0000000109800000 	/Library/Java/JavaVirtualMachines/jdk1.8.0_311.jdk/Contents/Home/jre/lib/server/libjvm.dylib
0x00000001087b7000 	/Library/Java/JavaVirtualMachines/jdk1.8.0_311.jdk/Contents/Home/jre/lib/libverify.dylib
0x00000001087c8000 	/Library/Java/JavaVirtualMachines/jdk1.8.0_311.jdk/Contents/Home/jre/lib/libjava.dylib
0x000000010a606000 	/Library/Java/JavaVirtualMachines/jdk1.8.0_311.jdk/Contents/Home/jre/lib/libjdwp.dylib
0x000000010a650000 	/Library/Java/JavaVirtualMachines/jdk1.8.0_311.jdk/Contents/Home/jre/lib/libnpt.dylib
0x000000010a659000 	/Library/Java/JavaVirtualMachines/jdk1.8.0_311.jdk/Contents/Home/jre/lib/libinstrument.dylib
0x000000010a6c3000 	/Library/Java/JavaVirtualMachines/jdk1.8.0_311.jdk/Contents/Home/jre/lib/libzip.dylib
0x000000010b6b2000 	/Library/Java/JavaVirtualMachines/jdk1.8.0_311.jdk/Contents/Home/jre/lib/libdt_socket.dylib
0x000000010b7ad000 	/Library/Java/JavaVirtualMachines/jdk1.8.0_311.jdk/Contents/Home/jre/lib/libprism_es2.dylib
0x00007fff47bae000 	/System/Library/PrivateFrameworks/CoreServicesInternal.framework/Versions/A/CoreServicesInternal
0x00007fff3933b000 	/System/Library/Frameworks/OpenGL.framework/Versions/A/Resources/GLEngine.bundle/GLEngine
0x00007fff3871e000 	/System/Library/Frameworks/OpenGL.framework/Versions/A/Libraries/libGLProgrammability.dylib
0x00007fff28e0b000 	/System/Library/Extensions/GeForceGLDriver.bundle/Contents/MacOS/GeForceGLDriver
0x00007fff4fc69000 	/System/Library/PrivateFrameworks/GPUSupport.framework/Versions/A/Libraries/libGPUSupportMercury.dylib
0x00007fff29718000 	/System/Library/Extensions/GeForceGLDriver.bundle/Contents/MacOS/libclh.dylib
0x00007fff394b5000 	/System/Library/Frameworks/OpenGL.framework/Versions/A/Resources/GLRendererFloat.bundle/GLRendererFloat
0x00007fff37cd7000 	/System/Library/Frameworks/OpenCL.framework/Versions/A/Libraries/libcldcpuengine.dylib
0x0000000127ce6000 	/Library/Java/JavaVirtualMachines/jdk1.8.0_311.jdk/Contents/Home/jre/lib/libglass.dylib
0x00007fff30d1a000 	/System/Library/Frameworks/FileProvider.framework/Versions/A/FileProvider
0x00007fff2b879000 	/System/Library/Frameworks/Accounts.framework/Versions/A/Accounts
0x00007fff4ff9a000 	/System/Library/PrivateFrameworks/GenerationalStorage.framework/Versions/A/GenerationalStorage
0x00007fff48135000 	/System/Library/PrivateFrameworks/CoreSymbolication.framework/Versions/A/CoreSymbolication
0x00007fff5ef40000 	/System/Library/PrivateFrameworks/SymptomDiagnosticReporter.framework/Versions/A/SymptomDiagnosticReporter
0x00007fff418ee000 	/System/Library/PrivateFrameworks/AppContainer.framework/Versions/A/AppContainer
0x00007fff679cd000 	/usr/lib/libsandbox.1.dylib
0x00007fff60899000 	/System/Library/PrivateFrameworks/UserManagement.framework/Versions/A/UserManagement
0x00007fff44692000 	/System/Library/PrivateFrameworks/ChunkingLibrary.framework/Versions/A/ChunkingLibrary
0x00007fff488b7000 	/System/Library/PrivateFrameworks/DebugSymbols.framework/Versions/A/DebugSymbols
0x00007fff41960000 	/System/Library/PrivateFrameworks/AppSandbox.framework/Versions/A/AppSandbox
0x00007fff5c509000 	/System/Library/PrivateFrameworks/SecCodeWrapper.framework/Versions/A/SecCodeWrapper
0x00007fff657ee000 	/usr/lib/libMatch.1.dylib
0x00007fff217fc000 	/System/Library/CoreServices/RawCamera.bundle/Contents/MacOS/RawCamera
0x00007fff5548c000 	/System/Library/PrivateFrameworks/MobileAsset.framework/Versions/A/MobileAsset
0x00007fff5ede8000 	/System/Library/PrivateFrameworks/StreamingZip.framework/Versions/A/StreamingZip
0x00007fff335d0000 	/System/Library/Frameworks/MediaToolbox.framework/Versions/A/MediaToolbox
0x00007fff460a5000 	/System/Library/PrivateFrameworks/CoreAVCHD.framework/Versions/A/CoreAVCHD
0x00007fff334fa000 	/System/Library/Frameworks/MediaAccessibility.framework/Versions/A/MediaAccessibility
0x00007fff54840000 	/System/Library/PrivateFrameworks/Mangrove.framework/Versions/A/Mangrove
0x00007fff2f9c3000 	/System/Library/Frameworks/CoreMedia.framework/Versions/A/CoreMedia
0x00007fff54aac000 	/System/Library/PrivateFrameworks/MediaExperience.framework/Versions/A/MediaExperience
0x00007fff3c4aa000 	/System/Library/Frameworks/VideoToolbox.framework/Versions/A/VideoToolbox
0x00007fff45ccf000 	/System/Library/PrivateFrameworks/CoreAUC.framework/Versions/A/CoreAUC
0x00007fff67a25000 	/usr/lib/libspindump.dylib
0x00007fff42d2e000 	/System/Library/PrivateFrameworks/AudioResourceArbitration.framework/Versions/A/AudioResourceArbitration
0x00007fff42743000 	/System/Library/PrivateFrameworks/AppleVA.framework/Versions/A/AppleVA
0x00007fff2a392000 	/System/Library/Frameworks/Accelerate.framework/Versions/A/Frameworks/vImage.framework/Versions/A/Libraries/libCGInterfaces.dylib
0x0000000128bf6000 	/usr/lib/libobjc-trampolines.dylib
0x00007fff4b030000 	/System/Library/PrivateFrameworks/FontServices.framework/libTrueTypeScaler.dylib
0x00007fff29df0000 	/System/Library/Extensions/GeForceMTLDriver.bundle/Contents/MacOS/GeForceMTLDriver
0x00007fff4e5ba000 	/System/Library/PrivateFrameworks/GPUCompiler.framework/Versions/3902/Libraries/libmetal_timestamp.dylib
0x00007fff61665000 	/System/Library/PrivateFrameworks/ViewBridge.framework/Versions/A/ViewBridge
0x000000013314b000 	/Library/Java/JavaVirtualMachines/jdk1.8.0_311.jdk/Contents/Home/jre/lib/libjavafx_font.dylib
0x00007fff628f6000 	/System/Library/PrivateFrameworks/login.framework/Versions/A/login
0x0000000135caa000 	/Library/Java/JavaVirtualMachines/jdk1.8.0_311.jdk/Contents/Home/jre/lib/libprism_common.dylib

VM Arguments:
jvm_args: -agentlib:jdwp=transport=dt_socket,suspend=y,address=localhost:51135 -Xmx5000M -javaagent:/Applications/Eclipse.app/Contents/Eclipse/configuration/org.eclipse.osgi/212/0/.cp/lib/javaagent-shaded.jar -Dfile.encoding=UTF-8 
java_command: application_src.MainApp
java_class_path (initial): /Users/wmohler/git/WormGUIDESteachingDev/plugins:/Users/wmohler/git/WormGUIDESteachingDev/lib/jimObjModelImporterJFX.jar:/Users/wmohler/git/WormGUIDESteachingDev/lib/jmf.jar:/Applications/Eclipse.app/Contents/Eclipse/configuration/org.eclipse.osgi/212/0/.cp/lib/javaagent-shaded.jar
Launcher Type: SUN_STANDARD

Environment Variables:
PATH=/usr/bin:/bin:/usr/sbin:/sbin
SHELL=/bin/tcsh

Signal Handlers:
SIGSEGV: [libjvm.dylib+0x59bd8b], sa_mask[0]=11111111011111110111111111111111, sa_flags=SA_ONSTACK|SA_RESTART|SA_SIGINFO
SIGBUS: [libjvm.dylib+0x59bd8b], sa_mask[0]=11111111011111110111111111111111, sa_flags=SA_RESTART|SA_SIGINFO
SIGFPE: [libjvm.dylib+0x59bd8b], sa_mask[0]=11111111011111110111111111111111, sa_flags=SA_RESTART|SA_SIGINFO
SIGPIPE: [libjvm.dylib+0x48f813], sa_mask[0]=11111111011111110111111111111111, sa_flags=SA_RESTART|SA_SIGINFO
SIGXFSZ: [libjvm.dylib+0x48f813], sa_mask[0]=11111111011111110111111111111111, sa_flags=SA_RESTART|SA_SIGINFO
SIGILL: [libjvm.dylib+0x59bd8b], sa_mask[0]=11111111011111110111111111111111, sa_flags=SA_RESTART|SA_SIGINFO
SIGUSR1: SIG_DFL, sa_mask[0]=00000000000000000000000000000000, sa_flags=none
SIGUSR2: [libjvm.dylib+0x490102], sa_mask[0]=00100000000000000000000000000000, sa_flags=SA_RESTART|SA_SIGINFO
SIGHUP: [libjvm.dylib+0x48e35f], sa_mask[0]=11111111011111110111111111111111, sa_flags=SA_RESTART|SA_SIGINFO
SIGINT: [libjvm.dylib+0x48e35f], sa_mask[0]=11111111011111110111111111111111, sa_flags=SA_RESTART|SA_SIGINFO
SIGTERM: [libjvm.dylib+0x48e35f], sa_mask[0]=11111111011111110111111111111111, sa_flags=SA_RESTART|SA_SIGINFO
SIGQUIT: [libjvm.dylib+0x48e35f], sa_mask[0]=11111111011111110111111111111111, sa_flags=SA_RESTART|SA_SIGINFO


---------------  S Y S T E M  ---------------

OS:Bsduname:Darwin 19.6.0 Darwin Kernel Version 19.6.0: Mon Aug 31 22:12:52 PDT 2020; root:xnu-6153.141.2~1/RELEASE_X86_64 x86_64
rlimit: STACK 8192k, CORE 0k, NPROC 4872, NOFILE 10240, AS infinity
load average:1.93 2.18 2.30

CPU:total 8 (initial active 8) (4 cores per cpu, 1 threads per core) family 6 model 23 stepping 6, cmov, cx8, fxsr, mmx, sse, sse2, sse3, ssse3, sse4.1, tsc

Memory: 4k page, physical 29360128k(4162928k free)

/proc/meminfo:


vm_info: Java HotSpot(TM) 64-Bit Server VM (25.311-b11) for bsd-amd64 JRE (1.8.0_311-b11), built on Sep 27 2021 13:08:09 by "java_re" with gcc 4.2.1 Compatible Apple LLVM 11.0.0 (clang-1100.0.33.17)

time: Sun Feb 27 01:47:26 2022
timezone: EST
elapsed time: 137688.928969 seconds (1d 14h 14m 48s)

